<?xml version="1.0" encoding="UTF-8"?>
<Site BuildName="Linux-c++"
	BuildStamp="20260204-0014-Experimental"
	Name="AndreasPI5"
	Generator="ctest-3.31.6"
	CompilerName="/usr/bin/c++"
	CompilerVersion="14.2.0"
	OSName="Linux"
	Hostname="AndreasPI5"
	OSRelease="6.12.62+rpt-rpi-2712"
	OSVersion="#1 SMP PREEMPT Debian 1:6.12.62-1+rpt1 (2025-12-18)"
	OSPlatform="aarch64"
	Is64Bits="1"
	VendorString=""
	VendorID="Unknown Manufacturer"
	FamilyID="8"
	ModelID="0"
	ModelName=""
	ProcessorCacheSize="0"
	NumberOfLogicalCPU="4"
	NumberOfPhysicalCPU="1"
	TotalVirtualMemory="2047"
	TotalPhysicalMemory="8058"
	LogicalProcessorsPerPhysical="4"
	ProcessorClockFrequency="0"
	>
	<Testing>
		<StartDateTime>Feb 03 19:26 EST</StartDateTime>
		<StartTestTime>1770164770</StartTestTime>
		<TestList/>
		<EndDateTime>Feb 03 19:26 EST</EndDateTime>
		<EndTestTime>1770164770</EndTestTime>
		<ElapsedMinutes>0</ElapsedMinutes>
	</Testing>
</Site>
